<?xml version="1.0" encoding="UTF-8"?>
<!-- Generated by org.testng.reporters.JUnitReportReporter -->
<testsuite skipped="0" hostname="ITTIQ13R" name="swvl.assessment" tests="3" failures="0" timestamp="04 Dec 2019 10:07:17 GMT" time="86.554" errors="0">
  <testcase name="login" time="25.240" classname="swvl.assessment"/>
  <testcase name="reserveAtrip" time="42.082" classname="swvl.assessment"/>
  <testcase name="cancelAtrip" time="19.232" classname="swvl.assessment"/>
</testsuite> <!-- swvl.assessment -->
